[backblue.gif]
[fade.gif]
[index.html]
[vibingsarasota.com/index.html]
[www.googletagmanager.com/gtm5445.html]
[fonts.googleapis.com/css239d4.css]
[vibingsarasota.com/css/style.css]
[vibingsarasota.com/css/consent-banner.css]
[vibingsarasota.com/index-2.html]
[vibingsarasota.com/food-services.html]
[vibingsarasota.com/fine-dining.html]
[vibingsarasota.com/js/consent-manager.js]
[vibingsarasota.com/js/gtm-tracking.js]
[vibingsarasota.com/party-vibe.html]
[vibingsarasota.com/js/hub.js]
[vibingsarasota.com/med-spas.html]
[vibingsarasota.com/golf-courses.html]
[vibingsarasota.com/movie-theaters.html]
[vibingsarasota.com/meet-people.html]
[vibingsarasota.com/st-armands.html]
[vibingsarasota.com/beaches.html]
[vibingsarasota.com/family-activities.html]
[vibingsarasota.com/about.html]
[vibingsarasota.com/terms-of-service.html]
[vibingsarasota.com/privacy-policy.html]
[vibingsarasota.com/js/shared.js]
[vibingsarasota.com/js/category.js]
[vibingsarasota.com/js/vibe-widget.js]
